<?xml version="1.0" encoding="utf-8"?><testsuites name="pytest tests"><testsuite name="pytest" errors="1" failures="0" skipped="0" tests="1" time="0.626" timestamp="2025-06-09T06:02:49.655766-05:00" hostname="Dions-Mac-Studio.local"><testcase classname="" name="tests.test_task_1_4_validation" time="0.000"><error message="collection failure">venv/lib/python3.13/site-packages/_pytest/python.py:497: in importtestmodule
    mod = import_path(
venv/lib/python3.13/site-packages/_pytest/pathlib.py:587: in import_path
    importlib.import_module(module_name)
/opt/homebrew/Cellar/python@3.13/3.13.4/Frameworks/Python.framework/Versions/3.13/lib/python3.13/importlib/__init__.py:88: in import_module
    return _bootstrap._gcd_import(name[level:], package, level)
           ^^^^^^^^^^^^^^^^^^^^^^^^^^^^^^^^^^^^^^^^^^^^^^^^^^^^
&lt;frozen importlib._bootstrap&gt;:1387: in _gcd_import
    ???
&lt;frozen importlib._bootstrap&gt;:1360: in _find_and_load
    ???
&lt;frozen importlib._bootstrap&gt;:1331: in _find_and_load_unlocked
    ???
&lt;frozen importlib._bootstrap&gt;:935: in _load_unlocked
    ???
venv/lib/python3.13/site-packages/_pytest/assertion/rewrite.py:186: in exec_module
    exec(co, module.__dict__)
tests/test_task_1_4_validation.py:16: in &lt;module&gt;
    from agentical.api.health.endpoints import (
agentical/api/__init__.py:8: in &lt;module&gt;
    from .router import api_router
agentical/api/router.py:10: in &lt;module&gt;
    from agentical.api.health import router as health_router
agentical/api/health/__init__.py:8: in &lt;module&gt;
    from .endpoints import router
agentical/api/health/endpoints.py:20: in &lt;module&gt;
    from agentical.db.init import get_db, engine
E     File "/Users/dionedge/devqai/agentical/agentical/db/init.py", line 282
E       if args.async:
E               ^^^^^
E   SyntaxError: invalid syntax</error></testcase></testsuite></testsuites>